<?xml version="1.0" encoding="UTF-8"?>
<!-- Generated by org.testng.reporters.JUnitReportReporter -->
<testsuite skipped="0" hostname="DBHOMEHP" name="com.herokuapp.internet.testsuit.LoginTest" tests="3" failures="0" timestamp="2022-12-12T15:13:52 GMT" time="14.956" errors="0">
  <testcase name="UserShouldLoginSuccessfullyWithValidCredentials" time="3.757" classname="com.herokuapp.internet.testsuit.LoginTest"/>
  <system-out>
    <![CDATA[Enter email [[ChromeDriver: chrome on WINDOWS (43c97cbc671846d69619b576fc71a526)] -> id: username]
Enter password [[ChromeDriver: chrome on WINDOWS (43c97cbc671846d69619b576fc71a526)] -> id: password]
click on login [[ChromeDriver: chrome on WINDOWS (43c97cbc671846d69619b576fc71a526)] -> xpath: //i[contains(text(),'Login')]]
verify text email login[[ChromeDriver: chrome on WINDOWS (43c97cbc671846d69619b576fc71a526)] -> xpath: //h4[@class='subheader']]]]>
  </system-out>
  <testcase name="verifyThePasswordErrorMessage" time="4.618" classname="com.herokuapp.internet.testsuit.LoginTest"/>
  <system-out>
    <![CDATA[Enter email [[ChromeDriver: chrome on WINDOWS (bf239ba6ed0d955f5edc0e4524319139)] -> id: username]
Enter password [[ChromeDriver: chrome on WINDOWS (bf239ba6ed0d955f5edc0e4524319139)] -> id: password]
click on login [[ChromeDriver: chrome on WINDOWS (bf239ba6ed0d955f5edc0e4524319139)] -> xpath: //i[contains(text(),'Login')]]
verify error message for password[[ChromeDriver: chrome on WINDOWS (bf239ba6ed0d955f5edc0e4524319139)] -> xpath: //div[contains(text(),'Your password is invalid!')]]]]>
  </system-out>
  <testcase name="verifyTheUsernameErrorMessage" time="6.581" classname="com.herokuapp.internet.testsuit.LoginTest"/>
  <system-out>
    <![CDATA[Enter email [[ChromeDriver: chrome on WINDOWS (2db72d83750726fa07766b8e84e63a42)] -> id: username]
Enter password [[ChromeDriver: chrome on WINDOWS (2db72d83750726fa07766b8e84e63a42)] -> id: password]
click on login [[ChromeDriver: chrome on WINDOWS (2db72d83750726fa07766b8e84e63a42)] -> xpath: //i[contains(text(),'Login')]]
verify error message[[ChromeDriver: chrome on WINDOWS (2db72d83750726fa07766b8e84e63a42)] -> xpath: //div[contains(text(),'Your username is invalid!')]]]]>
  </system-out>
</testsuite> <!-- com.herokuapp.internet.testsuit.LoginTest -->
